2018-01-16 13:47:07.255 [main] DEBUG c.w.b.common.http.HttpsMaster - com.wiatec.boblive.common.result.XException: /Users/xuchengpeng/IdeaProjects/boblive/cert/cert.p12 (No such file or directory)
2018-01-16 13:47:07.326 [main] DEBUG c.w.b.voucher.VoucherTokenMaster - null
2018-01-16 13:47:38.451 [main] DEBUG c.w.b.common.http.HttpsMaster - com.wiatec.boblive.common.result.XException: /Users/xuchengpeng/IdeaProjects/boblive/cert/cert.p12 (No such file or directory)
2018-01-16 13:47:38.486 [main] DEBUG c.w.b.common.http.HttpsMaster - null
2018-01-16 13:48:47.825 [main] DEBUG c.w.b.common.http.HttpsMaster - {"refresh":"eyJ0eXAiOiJKV1QiLCJhbGciOiJIUzI1NiJ9.eyJleHAiOjE1MTYxNjgxMjcsInR5cGUiOiJTIiwiY2xpZW50IjoxfQ.8EsdWojXRzSysJNbZ5Dgz2Eu-VMmCTvSusmLmgAVu_Y"}
2018-01-16 13:52:50.492 [main] DEBUG c.w.b.common.http.HttpsMaster - {"refresh":"eyJ0eXAiOiJKV1QiLCJhbGciOiJIUzI1NiJ9.eyJleHAiOjE1MTYxNjgzNzAsInR5cGUiOiJTIiwiY2xpZW50IjoxfQ.EuqVWqSyNoHYZFw05WS2BOroL_IQhMFtY-VSMbJHejY"}
2018-01-16 13:56:43.772 [main] DEBUG c.w.b.voucher.VoucherMaster - <h1>Not Found</h1><p>The requested URL /v1/token/refresh/ was not found on this server.</p>
2018-01-16 13:57:24.330 [main] DEBUG c.w.b.voucher.VoucherMaster - {"refresh":"eyJ0eXAiOiJKV1QiLCJhbGciOiJIUzI1NiJ9.eyJ0eXBlIjoiUyIsImNsaWVudCI6MSwiZXhwIjoxNTE2MTY4NjQ0fQ.51cEKIzu3aFXRT15IJYUI21jS_0trb9ai9hb6xL50xE"}
2018-01-16 13:57:24.341 [main] DEBUG c.w.b.voucher.VoucherMasterTest - eyJ0eXAiOiJKV1QiLCJhbGciOiJIUzI1NiJ9.eyJ0eXBlIjoiUyIsImNsaWVudCI6MSwiZXhwIjoxNTE2MTY4NjQ0fQ.51cEKIzu3aFXRT15IJYUI21jS_0trb9ai9hb6xL50xE
2018-01-16 14:00:51.266 [main] DEBUG c.w.b.voucher.VoucherMasterTest - eyJ0eXAiOiJKV1QiLCJhbGciOiJIUzI1NiJ9.eyJ0eXBlIjoiQSIsImNsaWVudCI6MSwiZXhwIjoxNTE2MDg2MDUxfQ.PN52m4GXmAMqNqpd0i5-FHaOAH_H3RnTjozMY7T_cgY
2018-01-16 14:03:53.879 [main] DEBUG c.w.b.voucher.VoucherMasterTest - eyJ0eXAiOiJKV1QiLCJhbGciOiJIUzI1NiJ9.eyJ0eXBlIjoiUyIsImNsaWVudCI6MSwiZXhwIjoxNTE2MTY5MDMzfQ.nHbhYUXfxnRxq-DjrpLC1Okm_kS27HdhFNOkpknGIEE
2018-01-16 14:04:44.528 [main] DEBUG c.w.b.voucher.VoucherMasterTest - eyJ0eXAiOiJKV1QiLCJhbGciOiJIUzI1NiJ9.eyJ0eXBlIjoiQSIsImNsaWVudCI6MSwiZXhwIjoxNTE2MDg2Mjg0fQ.8Pvgc0KDslzELzGxMiAjSzp3SnXjkVDPNvCwxTt04YE
2018-01-16 14:44:54.849 [main] DEBUG c.w.b.voucher.VoucherMaster - VoucherInfo{voucher=175132101005, amount=1000, currency='EUR', transaction='1231232345111', auth='979473'}
2018-01-16 14:44:54.852 [main] DEBUG c.w.b.voucher.VoucherMasterTest - VoucherInfo{voucher=175132101005, amount=1000, currency='EUR', transaction='1231232345111', auth='979473'}
2018-01-16 14:46:22.025 [main] ERROR c.w.b.voucher.VoucherMaster - Exception: 
com.google.gson.JsonSyntaxException: java.lang.IllegalStateException: Expected BEGIN_OBJECT but was STRING at line 1 column 1 path $
	at com.google.gson.internal.bind.ReflectiveTypeAdapterFactory$Adapter.read(ReflectiveTypeAdapterFactory.java:224)
	at com.google.gson.Gson.fromJson(Gson.java:887)
	at com.google.gson.Gson.fromJson(Gson.java:852)
	at com.google.gson.Gson.fromJson(Gson.java:801)
	at com.google.gson.Gson.fromJson(Gson.java:773)
	at com.wiatec.boblive.voucher.VoucherMaster.pay(VoucherMaster.java:58)
	at com.wiatec.boblive.voucher.VoucherMasterTest.confirm(VoucherMasterTest.java:32)
	at sun.reflect.NativeMethodAccessorImpl.invoke0(Native Method)
	at sun.reflect.NativeMethodAccessorImpl.invoke(NativeMethodAccessorImpl.java:62)
	at sun.reflect.DelegatingMethodAccessorImpl.invoke(DelegatingMethodAccessorImpl.java:43)
	at java.lang.reflect.Method.invoke(Method.java:498)
	at org.junit.runners.model.FrameworkMethod$1.runReflectiveCall(FrameworkMethod.java:50)
	at org.junit.internal.runners.model.ReflectiveCallable.run(ReflectiveCallable.java:12)
	at org.junit.runners.model.FrameworkMethod.invokeExplosively(FrameworkMethod.java:47)
	at org.junit.internal.runners.statements.InvokeMethod.evaluate(InvokeMethod.java:17)
	at org.junit.runners.ParentRunner.runLeaf(ParentRunner.java:325)
	at org.junit.runners.BlockJUnit4ClassRunner.runChild(BlockJUnit4ClassRunner.java:78)
	at org.junit.runners.BlockJUnit4ClassRunner.runChild(BlockJUnit4ClassRunner.java:57)
	at org.junit.runners.ParentRunner$3.run(ParentRunner.java:290)
	at org.junit.runners.ParentRunner$1.schedule(ParentRunner.java:71)
	at org.junit.runners.ParentRunner.runChildren(ParentRunner.java:288)
	at org.junit.runners.ParentRunner.access$000(ParentRunner.java:58)
	at org.junit.runners.ParentRunner$2.evaluate(ParentRunner.java:268)
	at org.junit.runners.ParentRunner.run(ParentRunner.java:363)
	at org.junit.runner.JUnitCore.run(JUnitCore.java:137)
	at com.intellij.junit4.JUnit4IdeaTestRunner.startRunnerWithArgs(JUnit4IdeaTestRunner.java:68)
	at com.intellij.rt.execution.junit.IdeaTestRunner$Repeater.startRunnerWithArgs(IdeaTestRunner.java:47)
	at com.intellij.rt.execution.junit.JUnitStarter.prepareStreamsAndStart(JUnitStarter.java:242)
	at com.intellij.rt.execution.junit.JUnitStarter.main(JUnitStarter.java:70)
Caused by: java.lang.IllegalStateException: Expected BEGIN_OBJECT but was STRING at line 1 column 1 path $
	at com.google.gson.stream.JsonReader.beginObject(JsonReader.java:385)
	at com.google.gson.internal.bind.ReflectiveTypeAdapterFactory$Adapter.read(ReflectiveTypeAdapterFactory.java:213)
	... 28 common frames omitted
2018-01-16 14:47:35.162 [main] DEBUG c.w.b.voucher.VoucherMaster - <h1>Server Error (500)</h1>
2018-01-16 14:47:35.214 [main] ERROR c.w.b.voucher.VoucherMaster - Exception: 
com.google.gson.JsonSyntaxException: java.lang.IllegalStateException: Expected BEGIN_OBJECT but was STRING at line 1 column 1 path $
	at com.google.gson.internal.bind.ReflectiveTypeAdapterFactory$Adapter.read(ReflectiveTypeAdapterFactory.java:224)
	at com.google.gson.Gson.fromJson(Gson.java:887)
	at com.google.gson.Gson.fromJson(Gson.java:852)
	at com.google.gson.Gson.fromJson(Gson.java:801)
	at com.google.gson.Gson.fromJson(Gson.java:773)
	at com.wiatec.boblive.voucher.VoucherMaster.pay(VoucherMaster.java:59)
	at com.wiatec.boblive.voucher.VoucherMasterTest.confirm(VoucherMasterTest.java:32)
	at sun.reflect.NativeMethodAccessorImpl.invoke0(Native Method)
	at sun.reflect.NativeMethodAccessorImpl.invoke(NativeMethodAccessorImpl.java:62)
	at sun.reflect.DelegatingMethodAccessorImpl.invoke(DelegatingMethodAccessorImpl.java:43)
	at java.lang.reflect.Method.invoke(Method.java:498)
	at org.junit.runners.model.FrameworkMethod$1.runReflectiveCall(FrameworkMethod.java:50)
	at org.junit.internal.runners.model.ReflectiveCallable.run(ReflectiveCallable.java:12)
	at org.junit.runners.model.FrameworkMethod.invokeExplosively(FrameworkMethod.java:47)
	at org.junit.internal.runners.statements.InvokeMethod.evaluate(InvokeMethod.java:17)
	at org.junit.runners.ParentRunner.runLeaf(ParentRunner.java:325)
	at org.junit.runners.BlockJUnit4ClassRunner.runChild(BlockJUnit4ClassRunner.java:78)
	at org.junit.runners.BlockJUnit4ClassRunner.runChild(BlockJUnit4ClassRunner.java:57)
	at org.junit.runners.ParentRunner$3.run(ParentRunner.java:290)
	at org.junit.runners.ParentRunner$1.schedule(ParentRunner.java:71)
	at org.junit.runners.ParentRunner.runChildren(ParentRunner.java:288)
	at org.junit.runners.ParentRunner.access$000(ParentRunner.java:58)
	at org.junit.runners.ParentRunner$2.evaluate(ParentRunner.java:268)
	at org.junit.runners.ParentRunner.run(ParentRunner.java:363)
	at org.junit.runner.JUnitCore.run(JUnitCore.java:137)
	at com.intellij.junit4.JUnit4IdeaTestRunner.startRunnerWithArgs(JUnit4IdeaTestRunner.java:68)
	at com.intellij.rt.execution.junit.IdeaTestRunner$Repeater.startRunnerWithArgs(IdeaTestRunner.java:47)
	at com.intellij.rt.execution.junit.JUnitStarter.prepareStreamsAndStart(JUnitStarter.java:242)
	at com.intellij.rt.execution.junit.JUnitStarter.main(JUnitStarter.java:70)
Caused by: java.lang.IllegalStateException: Expected BEGIN_OBJECT but was STRING at line 1 column 1 path $
	at com.google.gson.stream.JsonReader.beginObject(JsonReader.java:385)
	at com.google.gson.internal.bind.ReflectiveTypeAdapterFactory$Adapter.read(ReflectiveTypeAdapterFactory.java:213)
	... 28 common frames omitted
2018-01-16 14:49:33.775 [main] DEBUG c.w.b.voucher.VoucherMaster - <h1>Server Error (500)</h1>
2018-01-16 14:50:19.771 [main] DEBUG c.w.b.voucher.VoucherMaster - {"amount":1000,"currency":"EUR","voucher":175132101096,"auth":"277287"}
2018-01-16 14:50:19.824 [main] DEBUG c.w.b.voucher.VoucherMaster - VoucherInfo{voucher=175132101096, amount=1000, currency='EUR', transaction='1231232345112', auth='277287'}
2018-01-16 14:50:19.824 [main] DEBUG c.w.b.voucher.VoucherMaster - https://ws.test.voucher4u.eu/v1/transactions/confirm
2018-01-16 14:50:21.794 [main] DEBUG c.w.b.voucher.VoucherMasterTest - true
